<?xml version="1.0" encoding="UTF-8"?>
<!-- Generated by org.testng.reporters.JUnitReportReporter -->
<testsuite skipped="0" hostname="LAPTOP-UNVJLEE0" name="sapacademy.Mjava.AppiumTest" tests="2" failures="0" timestamp="2021-08-26T10:54:43 IST" time="0.009" errors="0">
  <testcase name="IOSApps" time="0.008" classname="sapacademy.Mjava.AppiumTest"/>
  <system-out/>
  <testcase name="NativeappAndroid" time="0.001" classname="sapacademy.Mjava.AppiumTest"/>
  <system-out/>
</testsuite> <!-- sapacademy.Mjava.AppiumTest -->
