<?xml version="1.0" encoding="UTF-8"?>
<!-- Generated by org.testng.reporters.JUnitReportReporter -->
<testsuite hostname="LAPTOP-UNVJLEE0" name="sapacademy.Mjava.SelemiumTest" tests="2" failures="0" timestamp="18 Jul 2021 07:48:04 GMT" time="0.001" errors="0">
  <testcase name="BrowserAutomation" time="0.000" classname="sapacademy.Mjava.SelemiumTest"/>
  <testcase name="elementSUi" time="0.001" classname="sapacademy.Mjava.SelemiumTest"/>
</testsuite> <!-- sapacademy.Mjava.SelemiumTest -->
