<?xml version="1.0" encoding="UTF-8"?>
<!-- Generated by org.testng.reporters.JUnitReportReporter -->
<testsuite hostname="LAPTOP-UNVJLEE0" name="sapacademy.Mjava.RestAPITest" tests="2" failures="0" timestamp="18 Jul 2021 07:48:04 GMT" time="0.007" errors="0">
  <testcase name="deleteTwitter" time="0.006" classname="sapacademy.Mjava.RestAPITest"/>
  <testcase name="postJira" time="0.001" classname="sapacademy.Mjava.RestAPITest"/>
</testsuite> <!-- sapacademy.Mjava.RestAPITest -->
