<?xml version="1.0" encoding="UTF-8"?>
<!-- Generated by org.testng.reporters.JUnitReportReporter -->
<testsuite hostname="LAPTOP-UNVJLEE0" name="sapacademy.Mjava.AppiumTest" tests="2" failures="0" timestamp="18 Jul 2021 07:48:04 GMT" time="0.000" errors="0">
  <testcase name="NativeappAndroid" time="0.000" classname="sapacademy.Mjava.AppiumTest"/>
  <testcase name="IOSApps" time="0.000" classname="sapacademy.Mjava.AppiumTest"/>
</testsuite> <!-- sapacademy.Mjava.AppiumTest -->
